19:32:26: XMLMeshSerializer reading mesh data from C:\Users\jacob\OneDrive\Escritorio\Juego\Juego_de_autos\Motor\Bin\Assets\Mesh\Collection.mesh.xml...
19:32:26: Reading geometry...
19:32:26: Geometry done...
19:32:26: Reading submeshes...
19:32:26: Submeshes done.
19:32:26: Reading mesh names...
19:32:26: Mesh names done.
19:32:26: XMLMeshSerializer import successful.
19:32:26: MeshSerializer writing mesh data to stream C:\Users\jacob\OneDrive\Escritorio\Juego\Juego_de_autos\Motor\Bin\Assets\Mesh\Collection.mesh...
19:32:26: File header written.
19:32:26: Writing mesh data...
19:32:26: Writing submesh...
19:32:26: Exporting submesh texture aliases...
19:32:26: Submesh texture aliases exported.
19:32:26: Submesh exported.
19:32:26: Writing submesh...
19:32:26: Exporting submesh texture aliases...
19:32:26: Submesh texture aliases exported.
19:32:26: Submesh exported.
19:32:26: Writing submesh...
19:32:26: Exporting submesh texture aliases...
19:32:26: Submesh texture aliases exported.
19:32:26: Submesh exported.
19:32:26: Writing submesh...
19:32:26: Exporting submesh texture aliases...
19:32:26: Submesh texture aliases exported.
19:32:26: Submesh exported.
19:32:26: Writing submesh...
19:32:26: Exporting submesh texture aliases...
19:32:26: Submesh texture aliases exported.
19:32:26: Submesh exported.
19:32:26: Writing submesh...
19:32:26: Exporting submesh texture aliases...
19:32:26: Submesh texture aliases exported.
19:32:26: Submesh exported.
19:32:26: Writing submesh...
19:32:26: Exporting submesh texture aliases...
19:32:26: Submesh texture aliases exported.
19:32:26: Submesh exported.
19:32:26: Exporting bounds information....
19:32:26: Bounds information exported.
19:32:26: Exporting submesh name table...
19:32:26: Submesh name table exported.
19:32:26: Mesh data exported.
19:32:26: MeshSerializer export successful.
